<?xml version="1.0" encoding="UTF-8"?>
<!-- Generated by org.testng.reporters.JUnitReportReporter -->
<testsuite skipped="0" hostname="LAPTOP-IS3DCPF8" name="com.actitime.testscript.ReportPageTitle" tests="1" failures="0" timestamp="2022-08-19T11:57:46 IST" time="19.941" errors="0">
  <testcase name="reportPageTitle" time="19.941" classname="com.actitime.testscript.ReportPageTitle"/>
  <system-out/>
</testsuite> <!-- com.actitime.testscript.ReportPageTitle -->
