<?xml version="1.0" encoding="UTF-8"?>
<!-- Generated by org.testng.reporters.JUnitReportReporter -->
<testsuite skipped="0" hostname="LAPTOP-IS3DCPF8" name="com.actitime.generic.BaseClass" tests="1" failures="0" timestamp="2022-08-17T21:30:43 IST" time="4.861" errors="0">
  <testcase name="logout" time="4.861" classname="com.actitime.generic.BaseClass"/>
  <system-out>
    <![CDATA[logged out of the browser]]>
  </system-out>
</testsuite> <!-- com.actitime.generic.BaseClass -->
