<?xml version="1.0" encoding="UTF-8"?>
<!-- Generated by org.testng.reporters.JUnitReportReporter -->
<testsuite skipped="0" hostname="LAPTOP-IS3DCPF8" name="com.actitime.generic.AlertBaseClass" tests="1" failures="0" timestamp="2022-08-18T06:16:32 IST" time="0.126" errors="0">
  <testcase name="closeBrowser" time="0.126" classname="com.actitime.generic.AlertBaseClass"/>
  <system-out/>
</testsuite> <!-- com.actitime.generic.AlertBaseClass -->
