<?xml version="1.0" encoding="UTF-8"?>
<!-- Generated by org.testng.reporters.JUnitReportReporter -->
<testsuite skipped="0" hostname="LAPTOP-IS3DCPF8" name="com.actitime.testscript.Title" tests="1" failures="0" timestamp="2022-08-17T21:58:13 IST" time="5.308" errors="0">
  <testcase name="title" time="5.308" classname="com.actitime.testscript.Title"/>
  <system-out>
    <![CDATA[actiTIME - Enter Time-Track
actiTIME - Enter Time-Track]]>
  </system-out>
</testsuite> <!-- com.actitime.testscript.Title -->
