<?xml version="1.0" encoding="UTF-8"?>
<!-- Generated by org.testng.reporters.JUnitReportReporter -->
<testsuite skipped="0" hostname="LAPTOP-IS3DCPF8" name="com.actitime.testscript.TaskPageTitle" tests="1" failures="0" timestamp="2022-08-18T16:58:40 IST" time="13.577" errors="0">
  <testcase name="titlePageTitle" time="13.577" classname="com.actitime.testscript.TaskPageTitle"/>
  <system-out>
    <![CDATA[title is actiTIME - Task List
TaskPageTitle]]>
  </system-out>
</testsuite> <!-- com.actitime.testscript.TaskPageTitle -->
