<?xml version="1.0" encoding="UTF-8"?>
<!-- Generated by org.testng.reporters.JUnitReportReporter -->
<testsuite skipped="0" hostname="LAPTOP-IS3DCPF8" name="TakesScreenShotMethod.ScreenShot" tests="1" failures="0" timestamp="2022-08-18T05:57:43 IST" time="11.783" errors="0">
  <testcase name="screenShot" time="11.783" classname="TakesScreenShotMethod.ScreenShot"/>
  <system-out/>
</testsuite> <!-- TakesScreenShotMethod.ScreenShot -->
